[2019-04-18 11:31:54] local.ERROR: exception 'PDOException' with message 'SQLSTATE[42000]: Syntax error or access violation: 1071 Specified key was too long; max key length is 1000 bytes' in C:\wamp64\www\blog\vendor\laravel\framework\src\Illuminate\Database\Connection.php:449
Stack trace:
#0 C:\wamp64\www\blog\vendor\laravel\framework\src\Illuminate\Database\Connection.php(449): PDOStatement->execute()
#1 C:\wamp64\www\blog\vendor\laravel\framework\src\Illuminate\Database\Connection.php(640): Illuminate\Database\Connection->Illuminate\Database\{closure}('alter table `us...', Array)
#2 C:\wamp64\www\blog\vendor\laravel\framework\src\Illuminate\Database\Connection.php(607): Illuminate\Database\Connection->runQueryCallback('alter table `us...', Array, Object(Closure))
#3 C:\wamp64\www\blog\vendor\laravel\framework\src\Illuminate\Database\Connection.php(450): Illuminate\Database\Connection->run('alter table `us...', Array, Object(Closure))
#4 C:\wamp64\www\blog\vendor\laravel\framework\src\Illuminate\Database\Schema\Blueprint.php(86): Illuminate\Database\Connection->statement('alter table `us...')
#5 C:\wamp64\www\blog\vendor\laravel\framework\src\Illuminate\Database\Schema\Builder.php(239): Illuminate\Database\Schema\Blueprint->build(Object(Illuminate\Database\MySqlConnection), Object(Illuminate\Database\Schema\Grammars\MySqlGrammar))
#6 C:\wamp64\www\blog\vendor\laravel\framework\src\Illuminate\Database\Schema\Builder.php(164): Illuminate\Database\Schema\Builder->build(Object(Illuminate\Database\Schema\Blueprint))
#7 C:\wamp64\www\blog\vendor\laravel\framework\src\Illuminate\Support\Facades\Facade.php(221): Illuminate\Database\Schema\Builder->create('users', Object(Closure))
#8 C:\wamp64\www\blog\database\migrations\2014_10_12_000000_create_users_table.php(23): Illuminate\Support\Facades\Facade::__callStatic('create', Array)
#9 C:\wamp64\www\blog\database\migrations\2014_10_12_000000_create_users_table.php(23): Illuminate\Support\Facades\Schema::create('users', Object(Closure))
#10 C:\wamp64\www\blog\vendor\laravel\framework\src\Illuminate\Database\Migrations\Migrator.php(359): CreateUsersTable->up()
#11 C:\wamp64\www\blog\vendor\laravel\framework\src\Illuminate\Database\Migrations\Migrator.php(365): Illuminate\Database\Migrations\Migrator->Illuminate\Database\Migrations\{closure}()
#12 C:\wamp64\www\blog\vendor\laravel\framework\src\Illuminate\Database\Migrations\Migrator.php(177): Illuminate\Database\Migrations\Migrator->runMigration(Object(CreateUsersTable), 'up')
#13 C:\wamp64\www\blog\vendor\laravel\framework\src\Illuminate\Database\Migrations\Migrator.php(146): Illuminate\Database\Migrations\Migrator->runUp('C:\\wamp64\\www\\b...', 1, false)
#14 C:\wamp64\www\blog\vendor\laravel\framework\src\Illuminate\Database\Migrations\Migrator.php(95): Illuminate\Database\Migrations\Migrator->runPending(Array, Array)
#15 C:\wamp64\www\blog\vendor\laravel\framework\src\Illuminate\Database\Console\Migrations\MigrateCommand.php(70): Illuminate\Database\Migrations\Migrator->run(Array, Array)
#16 [internal function]: Illuminate\Database\Console\Migrations\MigrateCommand->fire()
#17 C:\wamp64\www\blog\vendor\laravel\framework\src\Illuminate\Container\BoundMethod.php(30): call_user_func_array(Array, Array)
#18 C:\wamp64\www\blog\vendor\laravel\framework\src\Illuminate\Container\BoundMethod.php(87): Illuminate\Container\BoundMethod::Illuminate\Container\{closure}()
#19 C:\wamp64\www\blog\vendor\laravel\framework\src\Illuminate\Container\BoundMethod.php(31): Illuminate\Container\BoundMethod::callBoundMethod(Object(Illuminate\Foundation\Application), Array, Object(Closure))
#20 C:\wamp64\www\blog\vendor\laravel\framework\src\Illuminate\Container\Container.php(539): Illuminate\Container\BoundMethod::call(Object(Illuminate\Foundation\Application), Array, Array, NULL)
#21 C:\wamp64\www\blog\vendor\laravel\framework\src\Illuminate\Console\Command.php(182): Illuminate\Container\Container->call(Array)
#22 C:\wamp64\www\blog\vendor\symfony\console\Command\Command.php(255): Illuminate\Console\Command->execute(Object(Symfony\Component\Console\Input\ArgvInput), Object(Illuminate\Console\OutputStyle))
#23 C:\wamp64\www\blog\vendor\laravel\framework\src\Illuminate\Console\Command.php(168): Symfony\Component\Console\Command\Command->run(Object(Symfony\Component\Console\Input\ArgvInput), Object(Illuminate\Console\OutputStyle))
#24 C:\wamp64\www\blog\vendor\symfony\console\Application.php(960): Illuminate\Console\Command->run(Object(Symfony\Component\Console\Input\ArgvInput), Object(Symfony\Component\Console\Output\ConsoleOutput))
#25 C:\wamp64\www\blog\vendor\symfony\console\Application.php(255): Symfony\Component\Console\Application->doRunCommand(Object(Illuminate\Database\Console\Migrations\MigrateCommand), Object(Symfony\Component\Console\Input\ArgvInput), Object(Symfony\Component\Console\Output\ConsoleOutput))
#26 C:\wamp64\www\blog\vendor\symfony\console\Application.php(148): Symfony\Component\Console\Application->doRun(Object(Symfony\Component\Console\Input\ArgvInput), Object(Symfony\Component\Console\Output\ConsoleOutput))
#27 C:\wamp64\www\blog\vendor\laravel\framework\src\Illuminate\Foundation\Console\Kernel.php(122): Symfony\Component\Console\Application->run(Object(Symfony\Component\Console\Input\ArgvInput), Object(Symfony\Component\Console\Output\ConsoleOutput))
#28 C:\wamp64\www\blog\artisan(36): Illuminate\Foundation\Console\Kernel->handle(Object(Symfony\Component\Console\Input\ArgvInput), Object(Symfony\Component\Console\Output\ConsoleOutput))
#29 {main}

Next exception 'Illuminate\Database\QueryException' with message 'SQLSTATE[42000]: Syntax error or access violation: 1071 Specified key was too long; max key length is 1000 bytes (SQL: alter table `users` add unique `users_email_unique`(`email`))' in C:\wamp64\www\blog\vendor\laravel\framework\src\Illuminate\Database\Connection.php:647
Stack trace:
#0 C:\wamp64\www\blog\vendor\laravel\framework\src\Illuminate\Database\Connection.php(607): Illuminate\Database\Connection->runQueryCallback('alter table `us...', Array, Object(Closure))
#1 C:\wamp64\www\blog\vendor\laravel\framework\src\Illuminate\Database\Connection.php(450): Illuminate\Database\Connection->run('alter table `us...', Array, Object(Closure))
#2 C:\wamp64\www\blog\vendor\laravel\framework\src\Illuminate\Database\Schema\Blueprint.php(86): Illuminate\Database\Connection->statement('alter table `us...')
#3 C:\wamp64\www\blog\vendor\laravel\framework\src\Illuminate\Database\Schema\Builder.php(239): Illuminate\Database\Schema\Blueprint->build(Object(Illuminate\Database\MySqlConnection), Object(Illuminate\Database\Schema\Grammars\MySqlGrammar))
#4 C:\wamp64\www\blog\vendor\laravel\framework\src\Illuminate\Database\Schema\Builder.php(164): Illuminate\Database\Schema\Builder->build(Object(Illuminate\Database\Schema\Blueprint))
#5 C:\wamp64\www\blog\vendor\laravel\framework\src\Illuminate\Support\Facades\Facade.php(221): Illuminate\Database\Schema\Builder->create('users', Object(Closure))
#6 C:\wamp64\www\blog\database\migrations\2014_10_12_000000_create_users_table.php(23): Illuminate\Support\Facades\Facade::__callStatic('create', Array)
#7 C:\wamp64\www\blog\database\migrations\2014_10_12_000000_create_users_table.php(23): Illuminate\Support\Facades\Schema::create('users', Object(Closure))
#8 C:\wamp64\www\blog\vendor\laravel\framework\src\Illuminate\Database\Migrations\Migrator.php(359): CreateUsersTable->up()
#9 C:\wamp64\www\blog\vendor\laravel\framework\src\Illuminate\Database\Migrations\Migrator.php(365): Illuminate\Database\Migrations\Migrator->Illuminate\Database\Migrations\{closure}()
#10 C:\wamp64\www\blog\vendor\laravel\framework\src\Illuminate\Database\Migrations\Migrator.php(177): Illuminate\Database\Migrations\Migrator->runMigration(Object(CreateUsersTable), 'up')
#11 C:\wamp64\www\blog\vendor\laravel\framework\src\Illuminate\Database\Migrations\Migrator.php(146): Illuminate\Database\Migrations\Migrator->runUp('C:\\wamp64\\www\\b...', 1, false)
#12 C:\wamp64\www\blog\vendor\laravel\framework\src\Illuminate\Database\Migrations\Migrator.php(95): Illuminate\Database\Migrations\Migrator->runPending(Array, Array)
#13 C:\wamp64\www\blog\vendor\laravel\framework\src\Illuminate\Database\Console\Migrations\MigrateCommand.php(70): Illuminate\Database\Migrations\Migrator->run(Array, Array)
#14 [internal function]: Illuminate\Database\Console\Migrations\MigrateCommand->fire()
#15 C:\wamp64\www\blog\vendor\laravel\framework\src\Illuminate\Container\BoundMethod.php(30): call_user_func_array(Array, Array)
#16 C:\wamp64\www\blog\vendor\laravel\framework\src\Illuminate\Container\BoundMethod.php(87): Illuminate\Container\BoundMethod::Illuminate\Container\{closure}()
#17 C:\wamp64\www\blog\vendor\laravel\framework\src\Illuminate\Container\BoundMethod.php(31): Illuminate\Container\BoundMethod::callBoundMethod(Object(Illuminate\Foundation\Application), Array, Object(Closure))
#18 C:\wamp64\www\blog\vendor\laravel\framework\src\Illuminate\Container\Container.php(539): Illuminate\Container\BoundMethod::call(Object(Illuminate\Foundation\Application), Array, Array, NULL)
#19 C:\wamp64\www\blog\vendor\laravel\framework\src\Illuminate\Console\Command.php(182): Illuminate\Container\Container->call(Array)
#20 C:\wamp64\www\blog\vendor\symfony\console\Command\Command.php(255): Illuminate\Console\Command->execute(Object(Symfony\Component\Console\Input\ArgvInput), Object(Illuminate\Console\OutputStyle))
#21 C:\wamp64\www\blog\vendor\laravel\framework\src\Illuminate\Console\Command.php(168): Symfony\Component\Console\Command\Command->run(Object(Symfony\Component\Console\Input\ArgvInput), Object(Illuminate\Console\OutputStyle))
#22 C:\wamp64\www\blog\vendor\symfony\console\Application.php(960): Illuminate\Console\Command->run(Object(Symfony\Component\Console\Input\ArgvInput), Object(Symfony\Component\Console\Output\ConsoleOutput))
#23 C:\wamp64\www\blog\vendor\symfony\console\Application.php(255): Symfony\Component\Console\Application->doRunCommand(Object(Illuminate\Database\Console\Migrations\MigrateCommand), Object(Symfony\Component\Console\Input\ArgvInput), Object(Symfony\Component\Console\Output\ConsoleOutput))
#24 C:\wamp64\www\blog\vendor\symfony\console\Application.php(148): Symfony\Component\Console\Application->doRun(Object(Symfony\Component\Console\Input\ArgvInput), Object(Symfony\Component\Console\Output\ConsoleOutput))
#25 C:\wamp64\www\blog\vendor\laravel\framework\src\Illuminate\Foundation\Console\Kernel.php(122): Symfony\Component\Console\Application->run(Object(Symfony\Component\Console\Input\ArgvInput), Object(Symfony\Component\Console\Output\ConsoleOutput))
#26 C:\wamp64\www\blog\artisan(36): Illuminate\Foundation\Console\Kernel->handle(Object(Symfony\Component\Console\Input\ArgvInput), Object(Symfony\Component\Console\Output\ConsoleOutput))
#27 {main}  
[2019-04-18 11:32:46] local.ERROR: exception 'PDOException' with message 'SQLSTATE[42S01]: Base table or view already exists: 1050 Table 'users' already exists' in C:\wamp64\www\blog\vendor\laravel\framework\src\Illuminate\Database\Connection.php:449
Stack trace:
#0 C:\wamp64\www\blog\vendor\laravel\framework\src\Illuminate\Database\Connection.php(449): PDOStatement->execute()
#1 C:\wamp64\www\blog\vendor\laravel\framework\src\Illuminate\Database\Connection.php(640): Illuminate\Database\Connection->Illuminate\Database\{closure}('create table `u...', Array)
#2 C:\wamp64\www\blog\vendor\laravel\framework\src\Illuminate\Database\Connection.php(607): Illuminate\Database\Connection->runQueryCallback('create table `u...', Array, Object(Closure))
#3 C:\wamp64\www\blog\vendor\laravel\framework\src\Illuminate\Database\Connection.php(450): Illuminate\Database\Connection->run('create table `u...', Array, Object(Closure))
#4 C:\wamp64\www\blog\vendor\laravel\framework\src\Illuminate\Database\Schema\Blueprint.php(86): Illuminate\Database\Connection->statement('create table `u...')
#5 C:\wamp64\www\blog\vendor\laravel\framework\src\Illuminate\Database\Schema\Builder.php(239): Illuminate\Database\Schema\Blueprint->build(Object(Illuminate\Database\MySqlConnection), Object(Illuminate\Database\Schema\Grammars\MySqlGrammar))
#6 C:\wamp64\www\blog\vendor\laravel\framework\src\Illuminate\Database\Schema\Builder.php(164): Illuminate\Database\Schema\Builder->build(Object(Illuminate\Database\Schema\Blueprint))
#7 C:\wamp64\www\blog\vendor\laravel\framework\src\Illuminate\Support\Facades\Facade.php(221): Illuminate\Database\Schema\Builder->create('users', Object(Closure))
#8 C:\wamp64\www\blog\database\migrations\2014_10_12_000000_create_users_table.php(23): Illuminate\Support\Facades\Facade::__callStatic('create', Array)
#9 C:\wamp64\www\blog\database\migrations\2014_10_12_000000_create_users_table.php(23): Illuminate\Support\Facades\Schema::create('users', Object(Closure))
#10 C:\wamp64\www\blog\vendor\laravel\framework\src\Illuminate\Database\Migrations\Migrator.php(359): CreateUsersTable->up()
#11 C:\wamp64\www\blog\vendor\laravel\framework\src\Illuminate\Database\Migrations\Migrator.php(365): Illuminate\Database\Migrations\Migrator->Illuminate\Database\Migrations\{closure}()
#12 C:\wamp64\www\blog\vendor\laravel\framework\src\Illuminate\Database\Migrations\Migrator.php(177): Illuminate\Database\Migrations\Migrator->runMigration(Object(CreateUsersTable), 'up')
#13 C:\wamp64\www\blog\vendor\laravel\framework\src\Illuminate\Database\Migrations\Migrator.php(146): Illuminate\Database\Migrations\Migrator->runUp('C:\\wamp64\\www\\b...', 1, false)
#14 C:\wamp64\www\blog\vendor\laravel\framework\src\Illuminate\Database\Migrations\Migrator.php(95): Illuminate\Database\Migrations\Migrator->runPending(Array, Array)
#15 C:\wamp64\www\blog\vendor\laravel\framework\src\Illuminate\Database\Console\Migrations\MigrateCommand.php(70): Illuminate\Database\Migrations\Migrator->run(Array, Array)
#16 [internal function]: Illuminate\Database\Console\Migrations\MigrateCommand->fire()
#17 C:\wamp64\www\blog\vendor\laravel\framework\src\Illuminate\Container\BoundMethod.php(30): call_user_func_array(Array, Array)
#18 C:\wamp64\www\blog\vendor\laravel\framework\src\Illuminate\Container\BoundMethod.php(87): Illuminate\Container\BoundMethod::Illuminate\Container\{closure}()
#19 C:\wamp64\www\blog\vendor\laravel\framework\src\Illuminate\Container\BoundMethod.php(31): Illuminate\Container\BoundMethod::callBoundMethod(Object(Illuminate\Foundation\Application), Array, Object(Closure))
#20 C:\wamp64\www\blog\vendor\laravel\framework\src\Illuminate\Container\Container.php(539): Illuminate\Container\BoundMethod::call(Object(Illuminate\Foundation\Application), Array, Array, NULL)
#21 C:\wamp64\www\blog\vendor\laravel\framework\src\Illuminate\Console\Command.php(182): Illuminate\Container\Container->call(Array)
#22 C:\wamp64\www\blog\vendor\symfony\console\Command\Command.php(255): Illuminate\Console\Command->execute(Object(Symfony\Component\Console\Input\ArgvInput), Object(Illuminate\Console\OutputStyle))
#23 C:\wamp64\www\blog\vendor\laravel\framework\src\Illuminate\Console\Command.php(168): Symfony\Component\Console\Command\Command->run(Object(Symfony\Component\Console\Input\ArgvInput), Object(Illuminate\Console\OutputStyle))
#24 C:\wamp64\www\blog\vendor\symfony\console\Application.php(960): Illuminate\Console\Command->run(Object(Symfony\Component\Console\Input\ArgvInput), Object(Symfony\Component\Console\Output\ConsoleOutput))
#25 C:\wamp64\www\blog\vendor\symfony\console\Application.php(255): Symfony\Component\Console\Application->doRunCommand(Object(Illuminate\Database\Console\Migrations\MigrateCommand), Object(Symfony\Component\Console\Input\ArgvInput), Object(Symfony\Component\Console\Output\ConsoleOutput))
#26 C:\wamp64\www\blog\vendor\symfony\console\Application.php(148): Symfony\Component\Console\Application->doRun(Object(Symfony\Component\Console\Input\ArgvInput), Object(Symfony\Component\Console\Output\ConsoleOutput))
#27 C:\wamp64\www\blog\vendor\laravel\framework\src\Illuminate\Foundation\Console\Kernel.php(122): Symfony\Component\Console\Application->run(Object(Symfony\Component\Console\Input\ArgvInput), Object(Symfony\Component\Console\Output\ConsoleOutput))
#28 C:\wamp64\www\blog\artisan(36): Illuminate\Foundation\Console\Kernel->handle(Object(Symfony\Component\Console\Input\ArgvInput), Object(Symfony\Component\Console\Output\ConsoleOutput))
#29 {main}

Next exception 'Illuminate\Database\QueryException' with message 'SQLSTATE[42S01]: Base table or view already exists: 1050 Table 'users' already exists (SQL: create table `users` (`id` int unsigned not null auto_increment primary key, `name` varchar(255) not null, `email` varchar(255) not null, `password` varchar(255) not null, `remember_token` varchar(100) null, `created_at` timestamp null, `updated_at` timestamp null) default character set utf8mb4 collate utf8mb4_unicode_ci)' in C:\wamp64\www\blog\vendor\laravel\framework\src\Illuminate\Database\Connection.php:647
Stack trace:
#0 C:\wamp64\www\blog\vendor\laravel\framework\src\Illuminate\Database\Connection.php(607): Illuminate\Database\Connection->runQueryCallback('create table `u...', Array, Object(Closure))
#1 C:\wamp64\www\blog\vendor\laravel\framework\src\Illuminate\Database\Connection.php(450): Illuminate\Database\Connection->run('create table `u...', Array, Object(Closure))
#2 C:\wamp64\www\blog\vendor\laravel\framework\src\Illuminate\Database\Schema\Blueprint.php(86): Illuminate\Database\Connection->statement('create table `u...')
#3 C:\wamp64\www\blog\vendor\laravel\framework\src\Illuminate\Database\Schema\Builder.php(239): Illuminate\Database\Schema\Blueprint->build(Object(Illuminate\Database\MySqlConnection), Object(Illuminate\Database\Schema\Grammars\MySqlGrammar))
#4 C:\wamp64\www\blog\vendor\laravel\framework\src\Illuminate\Database\Schema\Builder.php(164): Illuminate\Database\Schema\Builder->build(Object(Illuminate\Database\Schema\Blueprint))
#5 C:\wamp64\www\blog\vendor\laravel\framework\src\Illuminate\Support\Facades\Facade.php(221): Illuminate\Database\Schema\Builder->create('users', Object(Closure))
#6 C:\wamp64\www\blog\database\migrations\2014_10_12_000000_create_users_table.php(23): Illuminate\Support\Facades\Facade::__callStatic('create', Array)
#7 C:\wamp64\www\blog\database\migrations\2014_10_12_000000_create_users_table.php(23): Illuminate\Support\Facades\Schema::create('users', Object(Closure))
#8 C:\wamp64\www\blog\vendor\laravel\framework\src\Illuminate\Database\Migrations\Migrator.php(359): CreateUsersTable->up()
#9 C:\wamp64\www\blog\vendor\laravel\framework\src\Illuminate\Database\Migrations\Migrator.php(365): Illuminate\Database\Migrations\Migrator->Illuminate\Database\Migrations\{closure}()
#10 C:\wamp64\www\blog\vendor\laravel\framework\src\Illuminate\Database\Migrations\Migrator.php(177): Illuminate\Database\Migrations\Migrator->runMigration(Object(CreateUsersTable), 'up')
#11 C:\wamp64\www\blog\vendor\laravel\framework\src\Illuminate\Database\Migrations\Migrator.php(146): Illuminate\Database\Migrations\Migrator->runUp('C:\\wamp64\\www\\b...', 1, false)
#12 C:\wamp64\www\blog\vendor\laravel\framework\src\Illuminate\Database\Migrations\Migrator.php(95): Illuminate\Database\Migrations\Migrator->runPending(Array, Array)
#13 C:\wamp64\www\blog\vendor\laravel\framework\src\Illuminate\Database\Console\Migrations\MigrateCommand.php(70): Illuminate\Database\Migrations\Migrator->run(Array, Array)
#14 [internal function]: Illuminate\Database\Console\Migrations\MigrateCommand->fire()
#15 C:\wamp64\www\blog\vendor\laravel\framework\src\Illuminate\Container\BoundMethod.php(30): call_user_func_array(Array, Array)
#16 C:\wamp64\www\blog\vendor\laravel\framework\src\Illuminate\Container\BoundMethod.php(87): Illuminate\Container\BoundMethod::Illuminate\Container\{closure}()
#17 C:\wamp64\www\blog\vendor\laravel\framework\src\Illuminate\Container\BoundMethod.php(31): Illuminate\Container\BoundMethod::callBoundMethod(Object(Illuminate\Foundation\Application), Array, Object(Closure))
#18 C:\wamp64\www\blog\vendor\laravel\framework\src\Illuminate\Container\Container.php(539): Illuminate\Container\BoundMethod::call(Object(Illuminate\Foundation\Application), Array, Array, NULL)
#19 C:\wamp64\www\blog\vendor\laravel\framework\src\Illuminate\Console\Command.php(182): Illuminate\Container\Container->call(Array)
#20 C:\wamp64\www\blog\vendor\symfony\console\Command\Command.php(255): Illuminate\Console\Command->execute(Object(Symfony\Component\Console\Input\ArgvInput), Object(Illuminate\Console\OutputStyle))
#21 C:\wamp64\www\blog\vendor\laravel\framework\src\Illuminate\Console\Command.php(168): Symfony\Component\Console\Command\Command->run(Object(Symfony\Component\Console\Input\ArgvInput), Object(Illuminate\Console\OutputStyle))
#22 C:\wamp64\www\blog\vendor\symfony\console\Application.php(960): Illuminate\Console\Command->run(Object(Symfony\Component\Console\Input\ArgvInput), Object(Symfony\Component\Console\Output\ConsoleOutput))
#23 C:\wamp64\www\blog\vendor\symfony\console\Application.php(255): Symfony\Component\Console\Application->doRunCommand(Object(Illuminate\Database\Console\Migrations\MigrateCommand), Object(Symfony\Component\Console\Input\ArgvInput), Object(Symfony\Component\Console\Output\ConsoleOutput))
#24 C:\wamp64\www\blog\vendor\symfony\console\Application.php(148): Symfony\Component\Console\Application->doRun(Object(Symfony\Component\Console\Input\ArgvInput), Object(Symfony\Component\Console\Output\ConsoleOutput))
#25 C:\wamp64\www\blog\vendor\laravel\framework\src\Illuminate\Foundation\Console\Kernel.php(122): Symfony\Component\Console\Application->run(Object(Symfony\Component\Console\Input\ArgvInput), Object(Symfony\Component\Console\Output\ConsoleOutput))
#26 C:\wamp64\www\blog\artisan(36): Illuminate\Foundation\Console\Kernel->handle(Object(Symfony\Component\Console\Input\ArgvInput), Object(Symfony\Component\Console\Output\ConsoleOutput))
#27 {main}  
[2019-04-18 11:33:17] local.ERROR: exception 'Symfony\Component\Console\Exception\CommandNotFoundException' with message 'Command "migrate:fresh" is not defined.

Did you mean one of these?
    migrate
    migrate:install
    migrate:refresh
    migrate:reset
    migrate:rollback
    migrate:status' in C:\wamp64\www\blog\vendor\symfony\console\Application.php:625
Stack trace:
#0 C:\wamp64\www\blog\vendor\symfony\console\Application.php(236): Symfony\Component\Console\Application->find('migrate:fresh')
#1 C:\wamp64\www\blog\vendor\symfony\console\Application.php(148): Symfony\Component\Console\Application->doRun(Object(Symfony\Component\Console\Input\ArgvInput), Object(Symfony\Component\Console\Output\ConsoleOutput))
#2 C:\wamp64\www\blog\vendor\laravel\framework\src\Illuminate\Foundation\Console\Kernel.php(122): Symfony\Component\Console\Application->run(Object(Symfony\Component\Console\Input\ArgvInput), Object(Symfony\Component\Console\Output\ConsoleOutput))
#3 C:\wamp64\www\blog\artisan(36): Illuminate\Foundation\Console\Kernel->handle(Object(Symfony\Component\Console\Input\ArgvInput), Object(Symfony\Component\Console\Output\ConsoleOutput))
#4 {main}  
[2019-04-18 11:33:41] local.ERROR: exception 'PDOException' with message 'SQLSTATE[42S01]: Base table or view already exists: 1050 Table 'users' already exists' in C:\wamp64\www\blog\vendor\laravel\framework\src\Illuminate\Database\Connection.php:449
Stack trace:
#0 C:\wamp64\www\blog\vendor\laravel\framework\src\Illuminate\Database\Connection.php(449): PDOStatement->execute()
#1 C:\wamp64\www\blog\vendor\laravel\framework\src\Illuminate\Database\Connection.php(640): Illuminate\Database\Connection->Illuminate\Database\{closure}('create table `u...', Array)
#2 C:\wamp64\www\blog\vendor\laravel\framework\src\Illuminate\Database\Connection.php(607): Illuminate\Database\Connection->runQueryCallback('create table `u...', Array, Object(Closure))
#3 C:\wamp64\www\blog\vendor\laravel\framework\src\Illuminate\Database\Connection.php(450): Illuminate\Database\Connection->run('create table `u...', Array, Object(Closure))
#4 C:\wamp64\www\blog\vendor\laravel\framework\src\Illuminate\Database\Schema\Blueprint.php(86): Illuminate\Database\Connection->statement('create table `u...')
#5 C:\wamp64\www\blog\vendor\laravel\framework\src\Illuminate\Database\Schema\Builder.php(239): Illuminate\Database\Schema\Blueprint->build(Object(Illuminate\Database\MySqlConnection), Object(Illuminate\Database\Schema\Grammars\MySqlGrammar))
#6 C:\wamp64\www\blog\vendor\laravel\framework\src\Illuminate\Database\Schema\Builder.php(164): Illuminate\Database\Schema\Builder->build(Object(Illuminate\Database\Schema\Blueprint))
#7 C:\wamp64\www\blog\vendor\laravel\framework\src\Illuminate\Support\Facades\Facade.php(221): Illuminate\Database\Schema\Builder->create('users', Object(Closure))
#8 C:\wamp64\www\blog\database\migrations\2014_10_12_000000_create_users_table.php(23): Illuminate\Support\Facades\Facade::__callStatic('create', Array)
#9 C:\wamp64\www\blog\database\migrations\2014_10_12_000000_create_users_table.php(23): Illuminate\Support\Facades\Schema::create('users', Object(Closure))
#10 C:\wamp64\www\blog\vendor\laravel\framework\src\Illuminate\Database\Migrations\Migrator.php(359): CreateUsersTable->up()
#11 C:\wamp64\www\blog\vendor\laravel\framework\src\Illuminate\Database\Migrations\Migrator.php(365): Illuminate\Database\Migrations\Migrator->Illuminate\Database\Migrations\{closure}()
#12 C:\wamp64\www\blog\vendor\laravel\framework\src\Illuminate\Database\Migrations\Migrator.php(177): Illuminate\Database\Migrations\Migrator->runMigration(Object(CreateUsersTable), 'up')
#13 C:\wamp64\www\blog\vendor\laravel\framework\src\Illuminate\Database\Migrations\Migrator.php(146): Illuminate\Database\Migrations\Migrator->runUp('C:\\wamp64\\www\\b...', 1, false)
#14 C:\wamp64\www\blog\vendor\laravel\framework\src\Illuminate\Database\Migrations\Migrator.php(95): Illuminate\Database\Migrations\Migrator->runPending(Array, Array)
#15 C:\wamp64\www\blog\vendor\laravel\framework\src\Illuminate\Database\Console\Migrations\MigrateCommand.php(70): Illuminate\Database\Migrations\Migrator->run(Array, Array)
#16 [internal function]: Illuminate\Database\Console\Migrations\MigrateCommand->fire()
#17 C:\wamp64\www\blog\vendor\laravel\framework\src\Illuminate\Container\BoundMethod.php(30): call_user_func_array(Array, Array)
#18 C:\wamp64\www\blog\vendor\laravel\framework\src\Illuminate\Container\BoundMethod.php(87): Illuminate\Container\BoundMethod::Illuminate\Container\{closure}()
#19 C:\wamp64\www\blog\vendor\laravel\framework\src\Illuminate\Container\BoundMethod.php(31): Illuminate\Container\BoundMethod::callBoundMethod(Object(Illuminate\Foundation\Application), Array, Object(Closure))
#20 C:\wamp64\www\blog\vendor\laravel\framework\src\Illuminate\Container\Container.php(539): Illuminate\Container\BoundMethod::call(Object(Illuminate\Foundation\Application), Array, Array, NULL)
#21 C:\wamp64\www\blog\vendor\laravel\framework\src\Illuminate\Console\Command.php(182): Illuminate\Container\Container->call(Array)
#22 C:\wamp64\www\blog\vendor\symfony\console\Command\Command.php(255): Illuminate\Console\Command->execute(Object(Symfony\Component\Console\Input\ArgvInput), Object(Illuminate\Console\OutputStyle))
#23 C:\wamp64\www\blog\vendor\laravel\framework\src\Illuminate\Console\Command.php(168): Symfony\Component\Console\Command\Command->run(Object(Symfony\Component\Console\Input\ArgvInput), Object(Illuminate\Console\OutputStyle))
#24 C:\wamp64\www\blog\vendor\symfony\console\Application.php(960): Illuminate\Console\Command->run(Object(Symfony\Component\Console\Input\ArgvInput), Object(Symfony\Component\Console\Output\ConsoleOutput))
#25 C:\wamp64\www\blog\vendor\symfony\console\Application.php(255): Symfony\Component\Console\Application->doRunCommand(Object(Illuminate\Database\Console\Migrations\MigrateCommand), Object(Symfony\Component\Console\Input\ArgvInput), Object(Symfony\Component\Console\Output\ConsoleOutput))
#26 C:\wamp64\www\blog\vendor\symfony\console\Application.php(148): Symfony\Component\Console\Application->doRun(Object(Symfony\Component\Console\Input\ArgvInput), Object(Symfony\Component\Console\Output\ConsoleOutput))
#27 C:\wamp64\www\blog\vendor\laravel\framework\src\Illuminate\Foundation\Console\Kernel.php(122): Symfony\Component\Console\Application->run(Object(Symfony\Component\Console\Input\ArgvInput), Object(Symfony\Component\Console\Output\ConsoleOutput))
#28 C:\wamp64\www\blog\artisan(36): Illuminate\Foundation\Console\Kernel->handle(Object(Symfony\Component\Console\Input\ArgvInput), Object(Symfony\Component\Console\Output\ConsoleOutput))
#29 {main}

Next exception 'Illuminate\Database\QueryException' with message 'SQLSTATE[42S01]: Base table or view already exists: 1050 Table 'users' already exists (SQL: create table `users` (`id` int unsigned not null auto_increment primary key, `name` varchar(255) not null, `email` varchar(255) not null, `password` varchar(255) not null, `remember_token` varchar(100) null, `created_at` timestamp null, `updated_at` timestamp null) default character set utf8mb4 collate utf8mb4_unicode_ci)' in C:\wamp64\www\blog\vendor\laravel\framework\src\Illuminate\Database\Connection.php:647
Stack trace:
#0 C:\wamp64\www\blog\vendor\laravel\framework\src\Illuminate\Database\Connection.php(607): Illuminate\Database\Connection->runQueryCallback('create table `u...', Array, Object(Closure))
#1 C:\wamp64\www\blog\vendor\laravel\framework\src\Illuminate\Database\Connection.php(450): Illuminate\Database\Connection->run('create table `u...', Array, Object(Closure))
#2 C:\wamp64\www\blog\vendor\laravel\framework\src\Illuminate\Database\Schema\Blueprint.php(86): Illuminate\Database\Connection->statement('create table `u...')
#3 C:\wamp64\www\blog\vendor\laravel\framework\src\Illuminate\Database\Schema\Builder.php(239): Illuminate\Database\Schema\Blueprint->build(Object(Illuminate\Database\MySqlConnection), Object(Illuminate\Database\Schema\Grammars\MySqlGrammar))
#4 C:\wamp64\www\blog\vendor\laravel\framework\src\Illuminate\Database\Schema\Builder.php(164): Illuminate\Database\Schema\Builder->build(Object(Illuminate\Database\Schema\Blueprint))
#5 C:\wamp64\www\blog\vendor\laravel\framework\src\Illuminate\Support\Facades\Facade.php(221): Illuminate\Database\Schema\Builder->create('users', Object(Closure))
#6 C:\wamp64\www\blog\database\migrations\2014_10_12_000000_create_users_table.php(23): Illuminate\Support\Facades\Facade::__callStatic('create', Array)
#7 C:\wamp64\www\blog\database\migrations\2014_10_12_000000_create_users_table.php(23): Illuminate\Support\Facades\Schema::create('users', Object(Closure))
#8 C:\wamp64\www\blog\vendor\laravel\framework\src\Illuminate\Database\Migrations\Migrator.php(359): CreateUsersTable->up()
#9 C:\wamp64\www\blog\vendor\laravel\framework\src\Illuminate\Database\Migrations\Migrator.php(365): Illuminate\Database\Migrations\Migrator->Illuminate\Database\Migrations\{closure}()
#10 C:\wamp64\www\blog\vendor\laravel\framework\src\Illuminate\Database\Migrations\Migrator.php(177): Illuminate\Database\Migrations\Migrator->runMigration(Object(CreateUsersTable), 'up')
#11 C:\wamp64\www\blog\vendor\laravel\framework\src\Illuminate\Database\Migrations\Migrator.php(146): Illuminate\Database\Migrations\Migrator->runUp('C:\\wamp64\\www\\b...', 1, false)
#12 C:\wamp64\www\blog\vendor\laravel\framework\src\Illuminate\Database\Migrations\Migrator.php(95): Illuminate\Database\Migrations\Migrator->runPending(Array, Array)
#13 C:\wamp64\www\blog\vendor\laravel\framework\src\Illuminate\Database\Console\Migrations\MigrateCommand.php(70): Illuminate\Database\Migrations\Migrator->run(Array, Array)
#14 [internal function]: Illuminate\Database\Console\Migrations\MigrateCommand->fire()
#15 C:\wamp64\www\blog\vendor\laravel\framework\src\Illuminate\Container\BoundMethod.php(30): call_user_func_array(Array, Array)
#16 C:\wamp64\www\blog\vendor\laravel\framework\src\Illuminate\Container\BoundMethod.php(87): Illuminate\Container\BoundMethod::Illuminate\Container\{closure}()
#17 C:\wamp64\www\blog\vendor\laravel\framework\src\Illuminate\Container\BoundMethod.php(31): Illuminate\Container\BoundMethod::callBoundMethod(Object(Illuminate\Foundation\Application), Array, Object(Closure))
#18 C:\wamp64\www\blog\vendor\laravel\framework\src\Illuminate\Container\Container.php(539): Illuminate\Container\BoundMethod::call(Object(Illuminate\Foundation\Application), Array, Array, NULL)
#19 C:\wamp64\www\blog\vendor\laravel\framework\src\Illuminate\Console\Command.php(182): Illuminate\Container\Container->call(Array)
#20 C:\wamp64\www\blog\vendor\symfony\console\Command\Command.php(255): Illuminate\Console\Command->execute(Object(Symfony\Component\Console\Input\ArgvInput), Object(Illuminate\Console\OutputStyle))
#21 C:\wamp64\www\blog\vendor\laravel\framework\src\Illuminate\Console\Command.php(168): Symfony\Component\Console\Command\Command->run(Object(Symfony\Component\Console\Input\ArgvInput), Object(Illuminate\Console\OutputStyle))
#22 C:\wamp64\www\blog\vendor\symfony\console\Application.php(960): Illuminate\Console\Command->run(Object(Symfony\Component\Console\Input\ArgvInput), Object(Symfony\Component\Console\Output\ConsoleOutput))
#23 C:\wamp64\www\blog\vendor\symfony\console\Application.php(255): Symfony\Component\Console\Application->doRunCommand(Object(Illuminate\Database\Console\Migrations\MigrateCommand), Object(Symfony\Component\Console\Input\ArgvInput), Object(Symfony\Component\Console\Output\ConsoleOutput))
#24 C:\wamp64\www\blog\vendor\symfony\console\Application.php(148): Symfony\Component\Console\Application->doRun(Object(Symfony\Component\Console\Input\ArgvInput), Object(Symfony\Component\Console\Output\ConsoleOutput))
#25 C:\wamp64\www\blog\vendor\laravel\framework\src\Illuminate\Foundation\Console\Kernel.php(122): Symfony\Component\Console\Application->run(Object(Symfony\Component\Console\Input\ArgvInput), Object(Symfony\Component\Console\Output\ConsoleOutput))
#26 C:\wamp64\www\blog\artisan(36): Illuminate\Foundation\Console\Kernel->handle(Object(Symfony\Component\Console\Input\ArgvInput), Object(Symfony\Component\Console\Output\ConsoleOutput))
#27 {main}  
[2019-04-18 11:34:31] local.ERROR: exception 'PDOException' with message 'SQLSTATE[42000]: Syntax error or access violation: 1071 Specified key was too long; max key length is 1000 bytes' in C:\wamp64\www\blog\vendor\laravel\framework\src\Illuminate\Database\Connection.php:449
Stack trace:
#0 C:\wamp64\www\blog\vendor\laravel\framework\src\Illuminate\Database\Connection.php(449): PDOStatement->execute()
#1 C:\wamp64\www\blog\vendor\laravel\framework\src\Illuminate\Database\Connection.php(640): Illuminate\Database\Connection->Illuminate\Database\{closure}('alter table `us...', Array)
#2 C:\wamp64\www\blog\vendor\laravel\framework\src\Illuminate\Database\Connection.php(607): Illuminate\Database\Connection->runQueryCallback('alter table `us...', Array, Object(Closure))
#3 C:\wamp64\www\blog\vendor\laravel\framework\src\Illuminate\Database\Connection.php(450): Illuminate\Database\Connection->run('alter table `us...', Array, Object(Closure))
#4 C:\wamp64\www\blog\vendor\laravel\framework\src\Illuminate\Database\Schema\Blueprint.php(86): Illuminate\Database\Connection->statement('alter table `us...')
#5 C:\wamp64\www\blog\vendor\laravel\framework\src\Illuminate\Database\Schema\Builder.php(239): Illuminate\Database\Schema\Blueprint->build(Object(Illuminate\Database\MySqlConnection), Object(Illuminate\Database\Schema\Grammars\MySqlGrammar))
#6 C:\wamp64\www\blog\vendor\laravel\framework\src\Illuminate\Database\Schema\Builder.php(164): Illuminate\Database\Schema\Builder->build(Object(Illuminate\Database\Schema\Blueprint))
#7 C:\wamp64\www\blog\vendor\laravel\framework\src\Illuminate\Support\Facades\Facade.php(221): Illuminate\Database\Schema\Builder->create('users', Object(Closure))
#8 C:\wamp64\www\blog\database\migrations\2014_10_12_000000_create_users_table.php(23): Illuminate\Support\Facades\Facade::__callStatic('create', Array)
#9 C:\wamp64\www\blog\database\migrations\2014_10_12_000000_create_users_table.php(23): Illuminate\Support\Facades\Schema::create('users', Object(Closure))
#10 C:\wamp64\www\blog\vendor\laravel\framework\src\Illuminate\Database\Migrations\Migrator.php(359): CreateUsersTable->up()
#11 C:\wamp64\www\blog\vendor\laravel\framework\src\Illuminate\Database\Migrations\Migrator.php(365): Illuminate\Database\Migrations\Migrator->Illuminate\Database\Migrations\{closure}()
#12 C:\wamp64\www\blog\vendor\laravel\framework\src\Illuminate\Database\Migrations\Migrator.php(177): Illuminate\Database\Migrations\Migrator->runMigration(Object(CreateUsersTable), 'up')
#13 C:\wamp64\www\blog\vendor\laravel\framework\src\Illuminate\Database\Migrations\Migrator.php(146): Illuminate\Database\Migrations\Migrator->runUp('C:\\wamp64\\www\\b...', 1, false)
#14 C:\wamp64\www\blog\vendor\laravel\framework\src\Illuminate\Database\Migrations\Migrator.php(95): Illuminate\Database\Migrations\Migrator->runPending(Array, Array)
#15 C:\wamp64\www\blog\vendor\laravel\framework\src\Illuminate\Database\Console\Migrations\MigrateCommand.php(70): Illuminate\Database\Migrations\Migrator->run(Array, Array)
#16 [internal function]: Illuminate\Database\Console\Migrations\MigrateCommand->fire()
#17 C:\wamp64\www\blog\vendor\laravel\framework\src\Illuminate\Container\BoundMethod.php(30): call_user_func_array(Array, Array)
#18 C:\wamp64\www\blog\vendor\laravel\framework\src\Illuminate\Container\BoundMethod.php(87): Illuminate\Container\BoundMethod::Illuminate\Container\{closure}()
#19 C:\wamp64\www\blog\vendor\laravel\framework\src\Illuminate\Container\BoundMethod.php(31): Illuminate\Container\BoundMethod::callBoundMethod(Object(Illuminate\Foundation\Application), Array, Object(Closure))
#20 C:\wamp64\www\blog\vendor\laravel\framework\src\Illuminate\Container\Container.php(539): Illuminate\Container\BoundMethod::call(Object(Illuminate\Foundation\Application), Array, Array, NULL)
#21 C:\wamp64\www\blog\vendor\laravel\framework\src\Illuminate\Console\Command.php(182): Illuminate\Container\Container->call(Array)
#22 C:\wamp64\www\blog\vendor\symfony\console\Command\Command.php(255): Illuminate\Console\Command->execute(Object(Symfony\Component\Console\Input\ArgvInput), Object(Illuminate\Console\OutputStyle))
#23 C:\wamp64\www\blog\vendor\laravel\framework\src\Illuminate\Console\Command.php(168): Symfony\Component\Console\Command\Command->run(Object(Symfony\Component\Console\Input\ArgvInput), Object(Illuminate\Console\OutputStyle))
#24 C:\wamp64\www\blog\vendor\symfony\console\Application.php(960): Illuminate\Console\Command->run(Object(Symfony\Component\Console\Input\ArgvInput), Object(Symfony\Component\Console\Output\ConsoleOutput))
#25 C:\wamp64\www\blog\vendor\symfony\console\Application.php(255): Symfony\Component\Console\Application->doRunCommand(Object(Illuminate\Database\Console\Migrations\MigrateCommand), Object(Symfony\Component\Console\Input\ArgvInput), Object(Symfony\Component\Console\Output\ConsoleOutput))
#26 C:\wamp64\www\blog\vendor\symfony\console\Application.php(148): Symfony\Component\Console\Application->doRun(Object(Symfony\Component\Console\Input\ArgvInput), Object(Symfony\Component\Console\Output\ConsoleOutput))
#27 C:\wamp64\www\blog\vendor\laravel\framework\src\Illuminate\Foundation\Console\Kernel.php(122): Symfony\Component\Console\Application->run(Object(Symfony\Component\Console\Input\ArgvInput), Object(Symfony\Component\Console\Output\ConsoleOutput))
#28 C:\wamp64\www\blog\artisan(36): Illuminate\Foundation\Console\Kernel->handle(Object(Symfony\Component\Console\Input\ArgvInput), Object(Symfony\Component\Console\Output\ConsoleOutput))
#29 {main}

Next exception 'Illuminate\Database\QueryException' with message 'SQLSTATE[42000]: Syntax error or access violation: 1071 Specified key was too long; max key length is 1000 bytes (SQL: alter table `users` add unique `users_email_unique`(`email`))' in C:\wamp64\www\blog\vendor\laravel\framework\src\Illuminate\Database\Connection.php:647
Stack trace:
#0 C:\wamp64\www\blog\vendor\laravel\framework\src\Illuminate\Database\Connection.php(607): Illuminate\Database\Connection->runQueryCallback('alter table `us...', Array, Object(Closure))
#1 C:\wamp64\www\blog\vendor\laravel\framework\src\Illuminate\Database\Connection.php(450): Illuminate\Database\Connection->run('alter table `us...', Array, Object(Closure))
#2 C:\wamp64\www\blog\vendor\laravel\framework\src\Illuminate\Database\Schema\Blueprint.php(86): Illuminate\Database\Connection->statement('alter table `us...')
#3 C:\wamp64\www\blog\vendor\laravel\framework\src\Illuminate\Database\Schema\Builder.php(239): Illuminate\Database\Schema\Blueprint->build(Object(Illuminate\Database\MySqlConnection), Object(Illuminate\Database\Schema\Grammars\MySqlGrammar))
#4 C:\wamp64\www\blog\vendor\laravel\framework\src\Illuminate\Database\Schema\Builder.php(164): Illuminate\Database\Schema\Builder->build(Object(Illuminate\Database\Schema\Blueprint))
#5 C:\wamp64\www\blog\vendor\laravel\framework\src\Illuminate\Support\Facades\Facade.php(221): Illuminate\Database\Schema\Builder->create('users', Object(Closure))
#6 C:\wamp64\www\blog\database\migrations\2014_10_12_000000_create_users_table.php(23): Illuminate\Support\Facades\Facade::__callStatic('create', Array)
#7 C:\wamp64\www\blog\database\migrations\2014_10_12_000000_create_users_table.php(23): Illuminate\Support\Facades\Schema::create('users', Object(Closure))
#8 C:\wamp64\www\blog\vendor\laravel\framework\src\Illuminate\Database\Migrations\Migrator.php(359): CreateUsersTable->up()
#9 C:\wamp64\www\blog\vendor\laravel\framework\src\Illuminate\Database\Migrations\Migrator.php(365): Illuminate\Database\Migrations\Migrator->Illuminate\Database\Migrations\{closure}()
#10 C:\wamp64\www\blog\vendor\laravel\framework\src\Illuminate\Database\Migrations\Migrator.php(177): Illuminate\Database\Migrations\Migrator->runMigration(Object(CreateUsersTable), 'up')
#11 C:\wamp64\www\blog\vendor\laravel\framework\src\Illuminate\Database\Migrations\Migrator.php(146): Illuminate\Database\Migrations\Migrator->runUp('C:\\wamp64\\www\\b...', 1, false)
#12 C:\wamp64\www\blog\vendor\laravel\framework\src\Illuminate\Database\Migrations\Migrator.php(95): Illuminate\Database\Migrations\Migrator->runPending(Array, Array)
#13 C:\wamp64\www\blog\vendor\laravel\framework\src\Illuminate\Database\Console\Migrations\MigrateCommand.php(70): Illuminate\Database\Migrations\Migrator->run(Array, Array)
#14 [internal function]: Illuminate\Database\Console\Migrations\MigrateCommand->fire()
#15 C:\wamp64\www\blog\vendor\laravel\framework\src\Illuminate\Container\BoundMethod.php(30): call_user_func_array(Array, Array)
#16 C:\wamp64\www\blog\vendor\laravel\framework\src\Illuminate\Container\BoundMethod.php(87): Illuminate\Container\BoundMethod::Illuminate\Container\{closure}()
#17 C:\wamp64\www\blog\vendor\laravel\framework\src\Illuminate\Container\BoundMethod.php(31): Illuminate\Container\BoundMethod::callBoundMethod(Object(Illuminate\Foundation\Application), Array, Object(Closure))
#18 C:\wamp64\www\blog\vendor\laravel\framework\src\Illuminate\Container\Container.php(539): Illuminate\Container\BoundMethod::call(Object(Illuminate\Foundation\Application), Array, Array, NULL)
#19 C:\wamp64\www\blog\vendor\laravel\framework\src\Illuminate\Console\Command.php(182): Illuminate\Container\Container->call(Array)
#20 C:\wamp64\www\blog\vendor\symfony\console\Command\Command.php(255): Illuminate\Console\Command->execute(Object(Symfony\Component\Console\Input\ArgvInput), Object(Illuminate\Console\OutputStyle))
#21 C:\wamp64\www\blog\vendor\laravel\framework\src\Illuminate\Console\Command.php(168): Symfony\Component\Console\Command\Command->run(Object(Symfony\Component\Console\Input\ArgvInput), Object(Illuminate\Console\OutputStyle))
#22 C:\wamp64\www\blog\vendor\symfony\console\Application.php(960): Illuminate\Console\Command->run(Object(Symfony\Component\Console\Input\ArgvInput), Object(Symfony\Component\Console\Output\ConsoleOutput))
#23 C:\wamp64\www\blog\vendor\symfony\console\Application.php(255): Symfony\Component\Console\Application->doRunCommand(Object(Illuminate\Database\Console\Migrations\MigrateCommand), Object(Symfony\Component\Console\Input\ArgvInput), Object(Symfony\Component\Console\Output\ConsoleOutput))
#24 C:\wamp64\www\blog\vendor\symfony\console\Application.php(148): Symfony\Component\Console\Application->doRun(Object(Symfony\Component\Console\Input\ArgvInput), Object(Symfony\Component\Console\Output\ConsoleOutput))
#25 C:\wamp64\www\blog\vendor\laravel\framework\src\Illuminate\Foundation\Console\Kernel.php(122): Symfony\Component\Console\Application->run(Object(Symfony\Component\Console\Input\ArgvInput), Object(Symfony\Component\Console\Output\ConsoleOutput))
#26 C:\wamp64\www\blog\artisan(36): Illuminate\Foundation\Console\Kernel->handle(Object(Symfony\Component\Console\Input\ArgvInput), Object(Symfony\Component\Console\Output\ConsoleOutput))
#27 {main}  
[2019-04-18 11:40:01] local.ERROR: exception 'Symfony\Component\Console\Exception\CommandNotFoundException' with message 'Command "migrate:fresh" is not defined.

Did you mean one of these?
    migrate
    migrate:install
    migrate:refresh
    migrate:reset
    migrate:rollback
    migrate:status' in C:\wamp64\www\blog\vendor\symfony\console\Application.php:625
Stack trace:
#0 C:\wamp64\www\blog\vendor\symfony\console\Application.php(236): Symfony\Component\Console\Application->find('migrate:fresh')
#1 C:\wamp64\www\blog\vendor\symfony\console\Application.php(148): Symfony\Component\Console\Application->doRun(Object(Symfony\Component\Console\Input\ArgvInput), Object(Symfony\Component\Console\Output\ConsoleOutput))
#2 C:\wamp64\www\blog\vendor\laravel\framework\src\Illuminate\Foundation\Console\Kernel.php(122): Symfony\Component\Console\Application->run(Object(Symfony\Component\Console\Input\ArgvInput), Object(Symfony\Component\Console\Output\ConsoleOutput))
#3 C:\wamp64\www\blog\artisan(36): Illuminate\Foundation\Console\Kernel->handle(Object(Symfony\Component\Console\Input\ArgvInput), Object(Symfony\Component\Console\Output\ConsoleOutput))
#4 {main}  
[2019-04-18 11:44:53] local.ERROR: exception 'Symfony\Component\Console\Exception\CommandNotFoundException' with message 'Command "migrate:fresh" is not defined.

Did you mean one of these?
    migrate
    migrate:install
    migrate:refresh
    migrate:reset
    migrate:rollback
    migrate:status' in C:\wamp64\www\blog\vendor\symfony\console\Application.php:625
Stack trace:
#0 C:\wamp64\www\blog\vendor\symfony\console\Application.php(236): Symfony\Component\Console\Application->find('migrate:fresh')
#1 C:\wamp64\www\blog\vendor\symfony\console\Application.php(148): Symfony\Component\Console\Application->doRun(Object(Symfony\Component\Console\Input\ArgvInput), Object(Symfony\Component\Console\Output\ConsoleOutput))
#2 C:\wamp64\www\blog\vendor\laravel\framework\src\Illuminate\Foundation\Console\Kernel.php(122): Symfony\Component\Console\Application->run(Object(Symfony\Component\Console\Input\ArgvInput), Object(Symfony\Component\Console\Output\ConsoleOutput))
#3 C:\wamp64\www\blog\artisan(36): Illuminate\Foundation\Console\Kernel->handle(Object(Symfony\Component\Console\Input\ArgvInput), Object(Symfony\Component\Console\Output\ConsoleOutput))
#4 {main}  
[2019-04-18 11:46:30] local.ERROR: exception 'PDOException' with message 'SQLSTATE[42S01]: Base table or view already exists: 1050 Table 'users' already exists' in C:\wamp64\www\blog\vendor\laravel\framework\src\Illuminate\Database\Connection.php:449
Stack trace:
#0 C:\wamp64\www\blog\vendor\laravel\framework\src\Illuminate\Database\Connection.php(449): PDOStatement->execute()
#1 C:\wamp64\www\blog\vendor\laravel\framework\src\Illuminate\Database\Connection.php(640): Illuminate\Database\Connection->Illuminate\Database\{closure}('create table `u...', Array)
#2 C:\wamp64\www\blog\vendor\laravel\framework\src\Illuminate\Database\Connection.php(607): Illuminate\Database\Connection->runQueryCallback('create table `u...', Array, Object(Closure))
#3 C:\wamp64\www\blog\vendor\laravel\framework\src\Illuminate\Database\Connection.php(450): Illuminate\Database\Connection->run('create table `u...', Array, Object(Closure))
#4 C:\wamp64\www\blog\vendor\laravel\framework\src\Illuminate\Database\Schema\Blueprint.php(86): Illuminate\Database\Connection->statement('create table `u...')
#5 C:\wamp64\www\blog\vendor\laravel\framework\src\Illuminate\Database\Schema\Builder.php(239): Illuminate\Database\Schema\Blueprint->build(Object(Illuminate\Database\MySqlConnection), Object(Illuminate\Database\Schema\Grammars\MySqlGrammar))
#6 C:\wamp64\www\blog\vendor\laravel\framework\src\Illuminate\Database\Schema\Builder.php(164): Illuminate\Database\Schema\Builder->build(Object(Illuminate\Database\Schema\Blueprint))
#7 C:\wamp64\www\blog\vendor\laravel\framework\src\Illuminate\Support\Facades\Facade.php(221): Illuminate\Database\Schema\Builder->create('users', Object(Closure))
#8 C:\wamp64\www\blog\database\migrations\2014_10_12_000000_create_users_table.php(23): Illuminate\Support\Facades\Facade::__callStatic('create', Array)
#9 C:\wamp64\www\blog\database\migrations\2014_10_12_000000_create_users_table.php(23): Illuminate\Support\Facades\Schema::create('users', Object(Closure))
#10 C:\wamp64\www\blog\vendor\laravel\framework\src\Illuminate\Database\Migrations\Migrator.php(359): CreateUsersTable->up()
#11 C:\wamp64\www\blog\vendor\laravel\framework\src\Illuminate\Database\Migrations\Migrator.php(365): Illuminate\Database\Migrations\Migrator->Illuminate\Database\Migrations\{closure}()
#12 C:\wamp64\www\blog\vendor\laravel\framework\src\Illuminate\Database\Migrations\Migrator.php(177): Illuminate\Database\Migrations\Migrator->runMigration(Object(CreateUsersTable), 'up')
#13 C:\wamp64\www\blog\vendor\laravel\framework\src\Illuminate\Database\Migrations\Migrator.php(146): Illuminate\Database\Migrations\Migrator->runUp('C:\\wamp64\\www\\b...', 1, false)
#14 C:\wamp64\www\blog\vendor\laravel\framework\src\Illuminate\Database\Migrations\Migrator.php(95): Illuminate\Database\Migrations\Migrator->runPending(Array, Array)
#15 C:\wamp64\www\blog\vendor\laravel\framework\src\Illuminate\Database\Console\Migrations\MigrateCommand.php(70): Illuminate\Database\Migrations\Migrator->run(Array, Array)
#16 [internal function]: Illuminate\Database\Console\Migrations\MigrateCommand->fire()
#17 C:\wamp64\www\blog\vendor\laravel\framework\src\Illuminate\Container\BoundMethod.php(30): call_user_func_array(Array, Array)
#18 C:\wamp64\www\blog\vendor\laravel\framework\src\Illuminate\Container\BoundMethod.php(87): Illuminate\Container\BoundMethod::Illuminate\Container\{closure}()
#19 C:\wamp64\www\blog\vendor\laravel\framework\src\Illuminate\Container\BoundMethod.php(31): Illuminate\Container\BoundMethod::callBoundMethod(Object(Illuminate\Foundation\Application), Array, Object(Closure))
#20 C:\wamp64\www\blog\vendor\laravel\framework\src\Illuminate\Container\Container.php(539): Illuminate\Container\BoundMethod::call(Object(Illuminate\Foundation\Application), Array, Array, NULL)
#21 C:\wamp64\www\blog\vendor\laravel\framework\src\Illuminate\Console\Command.php(182): Illuminate\Container\Container->call(Array)
#22 C:\wamp64\www\blog\vendor\symfony\console\Command\Command.php(255): Illuminate\Console\Command->execute(Object(Symfony\Component\Console\Input\ArgvInput), Object(Illuminate\Console\OutputStyle))
#23 C:\wamp64\www\blog\vendor\laravel\framework\src\Illuminate\Console\Command.php(168): Symfony\Component\Console\Command\Command->run(Object(Symfony\Component\Console\Input\ArgvInput), Object(Illuminate\Console\OutputStyle))
#24 C:\wamp64\www\blog\vendor\symfony\console\Application.php(960): Illuminate\Console\Command->run(Object(Symfony\Component\Console\Input\ArgvInput), Object(Symfony\Component\Console\Output\ConsoleOutput))
#25 C:\wamp64\www\blog\vendor\symfony\console\Application.php(255): Symfony\Component\Console\Application->doRunCommand(Object(Illuminate\Database\Console\Migrations\MigrateCommand), Object(Symfony\Component\Console\Input\ArgvInput), Object(Symfony\Component\Console\Output\ConsoleOutput))
#26 C:\wamp64\www\blog\vendor\symfony\console\Application.php(148): Symfony\Component\Console\Application->doRun(Object(Symfony\Component\Console\Input\ArgvInput), Object(Symfony\Component\Console\Output\ConsoleOutput))
#27 C:\wamp64\www\blog\vendor\laravel\framework\src\Illuminate\Foundation\Console\Kernel.php(122): Symfony\Component\Console\Application->run(Object(Symfony\Component\Console\Input\ArgvInput), Object(Symfony\Component\Console\Output\ConsoleOutput))
#28 C:\wamp64\www\blog\artisan(36): Illuminate\Foundation\Console\Kernel->handle(Object(Symfony\Component\Console\Input\ArgvInput), Object(Symfony\Component\Console\Output\ConsoleOutput))
#29 {main}

Next exception 'Illuminate\Database\QueryException' with message 'SQLSTATE[42S01]: Base table or view already exists: 1050 Table 'users' already exists (SQL: create table `users` (`id` int unsigned not null auto_increment primary key, `name` varchar(191) not null, `email` varchar(191) not null, `password` varchar(191) not null, `remember_token` varchar(100) null, `created_at` timestamp null, `updated_at` timestamp null) default character set utf8mb4 collate utf8mb4_unicode_ci)' in C:\wamp64\www\blog\vendor\laravel\framework\src\Illuminate\Database\Connection.php:647
Stack trace:
#0 C:\wamp64\www\blog\vendor\laravel\framework\src\Illuminate\Database\Connection.php(607): Illuminate\Database\Connection->runQueryCallback('create table `u...', Array, Object(Closure))
#1 C:\wamp64\www\blog\vendor\laravel\framework\src\Illuminate\Database\Connection.php(450): Illuminate\Database\Connection->run('create table `u...', Array, Object(Closure))
#2 C:\wamp64\www\blog\vendor\laravel\framework\src\Illuminate\Database\Schema\Blueprint.php(86): Illuminate\Database\Connection->statement('create table `u...')
#3 C:\wamp64\www\blog\vendor\laravel\framework\src\Illuminate\Database\Schema\Builder.php(239): Illuminate\Database\Schema\Blueprint->build(Object(Illuminate\Database\MySqlConnection), Object(Illuminate\Database\Schema\Grammars\MySqlGrammar))
#4 C:\wamp64\www\blog\vendor\laravel\framework\src\Illuminate\Database\Schema\Builder.php(164): Illuminate\Database\Schema\Builder->build(Object(Illuminate\Database\Schema\Blueprint))
#5 C:\wamp64\www\blog\vendor\laravel\framework\src\Illuminate\Support\Facades\Facade.php(221): Illuminate\Database\Schema\Builder->create('users', Object(Closure))
#6 C:\wamp64\www\blog\database\migrations\2014_10_12_000000_create_users_table.php(23): Illuminate\Support\Facades\Facade::__callStatic('create', Array)
#7 C:\wamp64\www\blog\database\migrations\2014_10_12_000000_create_users_table.php(23): Illuminate\Support\Facades\Schema::create('users', Object(Closure))
#8 C:\wamp64\www\blog\vendor\laravel\framework\src\Illuminate\Database\Migrations\Migrator.php(359): CreateUsersTable->up()
#9 C:\wamp64\www\blog\vendor\laravel\framework\src\Illuminate\Database\Migrations\Migrator.php(365): Illuminate\Database\Migrations\Migrator->Illuminate\Database\Migrations\{closure}()
#10 C:\wamp64\www\blog\vendor\laravel\framework\src\Illuminate\Database\Migrations\Migrator.php(177): Illuminate\Database\Migrations\Migrator->runMigration(Object(CreateUsersTable), 'up')
#11 C:\wamp64\www\blog\vendor\laravel\framework\src\Illuminate\Database\Migrations\Migrator.php(146): Illuminate\Database\Migrations\Migrator->runUp('C:\\wamp64\\www\\b...', 1, false)
#12 C:\wamp64\www\blog\vendor\laravel\framework\src\Illuminate\Database\Migrations\Migrator.php(95): Illuminate\Database\Migrations\Migrator->runPending(Array, Array)
#13 C:\wamp64\www\blog\vendor\laravel\framework\src\Illuminate\Database\Console\Migrations\MigrateCommand.php(70): Illuminate\Database\Migrations\Migrator->run(Array, Array)
#14 [internal function]: Illuminate\Database\Console\Migrations\MigrateCommand->fire()
#15 C:\wamp64\www\blog\vendor\laravel\framework\src\Illuminate\Container\BoundMethod.php(30): call_user_func_array(Array, Array)
#16 C:\wamp64\www\blog\vendor\laravel\framework\src\Illuminate\Container\BoundMethod.php(87): Illuminate\Container\BoundMethod::Illuminate\Container\{closure}()
#17 C:\wamp64\www\blog\vendor\laravel\framework\src\Illuminate\Container\BoundMethod.php(31): Illuminate\Container\BoundMethod::callBoundMethod(Object(Illuminate\Foundation\Application), Array, Object(Closure))
#18 C:\wamp64\www\blog\vendor\laravel\framework\src\Illuminate\Container\Container.php(539): Illuminate\Container\BoundMethod::call(Object(Illuminate\Foundation\Application), Array, Array, NULL)
#19 C:\wamp64\www\blog\vendor\laravel\framework\src\Illuminate\Console\Command.php(182): Illuminate\Container\Container->call(Array)
#20 C:\wamp64\www\blog\vendor\symfony\console\Command\Command.php(255): Illuminate\Console\Command->execute(Object(Symfony\Component\Console\Input\ArgvInput), Object(Illuminate\Console\OutputStyle))
#21 C:\wamp64\www\blog\vendor\laravel\framework\src\Illuminate\Console\Command.php(168): Symfony\Component\Console\Command\Command->run(Object(Symfony\Component\Console\Input\ArgvInput), Object(Illuminate\Console\OutputStyle))
#22 C:\wamp64\www\blog\vendor\symfony\console\Application.php(960): Illuminate\Console\Command->run(Object(Symfony\Component\Console\Input\ArgvInput), Object(Symfony\Component\Console\Output\ConsoleOutput))
#23 C:\wamp64\www\blog\vendor\symfony\console\Application.php(255): Symfony\Component\Console\Application->doRunCommand(Object(Illuminate\Database\Console\Migrations\MigrateCommand), Object(Symfony\Component\Console\Input\ArgvInput), Object(Symfony\Component\Console\Output\ConsoleOutput))
#24 C:\wamp64\www\blog\vendor\symfony\console\Application.php(148): Symfony\Component\Console\Application->doRun(Object(Symfony\Component\Console\Input\ArgvInput), Object(Symfony\Component\Console\Output\ConsoleOutput))
#25 C:\wamp64\www\blog\vendor\laravel\framework\src\Illuminate\Foundation\Console\Kernel.php(122): Symfony\Component\Console\Application->run(Object(Symfony\Component\Console\Input\ArgvInput), Object(Symfony\Component\Console\Output\ConsoleOutput))
#26 C:\wamp64\www\blog\artisan(36): Illuminate\Foundation\Console\Kernel->handle(Object(Symfony\Component\Console\Input\ArgvInput), Object(Symfony\Component\Console\Output\ConsoleOutput))
#27 {main}  
